# JRE version: Java(TM) SE Runtime Environment (8.0_281-b09) (build 1.8.0_281-b09)
# Java VM: Java HotSpot(TM) 64-Bit Server VM (25.281-b09 mixed mode linux-amd64 compressed oops)
Heap:
 PSYoungGen      total 579584K, used 274844K [0x00000000d5580000, 0x0000000100000000, 0x0000000100000000)
  eden space 453632K, 60% used [0x00000000d5580000,0x00000000e61e7280,0x00000000f1080000)
  from space 125952K, 0% used [0x00000000f8500000,0x00000000f8500000,0x0000000100000000)
  to   space 119296K, 0% used [0x00000000f1080000,0x00000000f1080000,0x00000000f8500000)
 ParOldGen       total 367616K, used 90011K [0x0000000080000000, 0x0000000096700000, 0x00000000d5580000)
  object space 367616K, 24% used [0x0000000080000000,0x00000000857e6fb0,0x0000000096700000)
 Metaspace       used 185861K, capacity 194784K, committed 194944K, reserved 1218560K
  class space    used 23620K, capacity 25108K, committed 25216K, reserved 1048576K
GC Heap History (10 events):
Event: 824.325 GC heap before
{Heap before GC invocations=51 (full 5):
 PSYoungGen      total 596480K, used 596462K [0x00000000d5580000, 0x0000000100000000, 0x0000000100000000)
  eden space 506880K, 100% used [0x00000000d5580000,0x00000000f4480000,0x00000000f4480000)
  from space 89600K, 99% used [0x00000000f4480000,0x00000000f9bfb9d0,0x00000000f9c00000)
  to   space 102400K, 0% used [0x00000000f9c00000,0x00000000f9c00000,0x0000000100000000)
 ParOldGen       total 319488K, used 248096K [0x0000000080000000, 0x0000000093800000, 0x00000000d5580000)
  object space 319488K, 77% used [0x0000000080000000,0x000000008f2480b0,0x0000000093800000)
 Metaspace       used 167225K, capacity 174976K, committed 175360K, reserved 1202176K
  class space    used 21155K, capacity 22462K, committed 22528K, reserved 1048576K
Event: 826.722 GC heap after
Heap after GC invocations=51 (full 5):
 PSYoungGen      total 542208K, used 101301K [0x00000000d5580000, 0x0000000100000000, 0x0000000100000000)
  eden space 439808K, 0% used [0x00000000d5580000,0x00000000d5580000,0x00000000f0300000)
  from space 102400K, 98% used [0x00000000f9c00000,0x00000000ffeed5a0,0x0000000100000000)
  to   space 129536K, 0% used [0x00000000f0300000,0x00000000f0300000,0x00000000f8180000)
 ParOldGen       total 319488K, used 288413K [0x0000000080000000, 0x0000000093800000, 0x00000000d5580000)
  object space 319488K, 90% used [0x0000000080000000,0x00000000919a77c0,0x0000000093800000)
 Metaspace       used 167225K, capacity 174976K, committed 175360K, reserved 1202176K
  class space    used 21155K, capacity 22462K, committed 22528K, reserved 1048576K
}
Event: 827.087 GC heap before
{Heap before GC invocations=52 (full 6):
 PSYoungGen      total 542208K, used 101301K [0x00000000d5580000, 0x0000000100000000, 0x0000000100000000)
  eden space 439808K, 0% used [0x00000000d5580000,0x00000000d5580000,0x00000000f0300000)
  from space 102400K, 98% used [0x00000000f9c00000,0x00000000ffeed5a0,0x0000000100000000)
  to   space 129536K, 0% used [0x00000000f0300000,0x00000000f0300000,0x00000000f8180000)
 ParOldGen       total 319488K, used 288413K [0x0000000080000000, 0x0000000093800000, 0x00000000d5580000)
  object space 319488K, 90% used [0x0000000080000000,0x00000000919a77c0,0x0000000093800000)
 Metaspace       used 167225K, capacity 174976K, committed 175360K, reserved 1202176K
  class space    used 21155K, capacity 22462K, committed 22528K, reserved 1048576K
Event: 828.590 GC heap after
Heap after GC invocations=52 (full 6):
 PSYoungGen      total 542208K, used 0K [0x00000000d5580000, 0x0000000100000000, 0x0000000100000000)
  eden space 439808K, 0% used [0x00000000d5580000,0x00000000d5580000,0x00000000f0300000)
  from space 102400K, 0% used [0x00000000f9c00000,0x00000000f9c00000,0x0000000100000000)
  to   space 129536K, 0% used [0x00000000f0300000,0x00000000f0300000,0x00000000f8180000)
 ParOldGen       total 367616K, used 205885K [0x0000000080000000, 0x0000000096700000, 0x00000000d5580000)
  object space 367616K, 56% used [0x0000000080000000,0x000000008c90f750,0x0000000096700000)
 Metaspace       used 167225K, capacity 174976K, committed 175360K, reserved 1202176K
  class space    used 21155K, capacity 22462K, committed 22528K, reserved 1048576K
}
Event: 2921.263 GC heap before
{Heap before GC invocations=53 (full 6):
 PSYoungGen      total 542208K, used 439808K [0x00000000d5580000, 0x0000000100000000, 0x0000000100000000)
  eden space 439808K, 100% used [0x00000000d5580000,0x00000000f0300000,0x00000000f0300000)
  from space 102400K, 0% used [0x00000000f9c00000,0x00000000f9c00000,0x0000000100000000)
  to   space 129536K, 0% used [0x00000000f0300000,0x00000000f0300000,0x00000000f8180000)
 ParOldGen       total 367616K, used 205885K [0x0000000080000000, 0x0000000096700000, 0x00000000d5580000)
  object space 367616K, 56% used [0x0000000080000000,0x000000008c90f750,0x0000000096700000)
 Metaspace       used 167925K, capacity 175792K, committed 176000K, reserved 1202176K
  class space    used 21223K, capacity 22595K, committed 22656K, reserved 1048576K
Event: 2921.364 GC heap after
Heap after GC invocations=53 (full 6):
 PSYoungGen      total 569344K, used 15465K [0x00000000d5580000, 0x0000000100000000, 0x0000000100000000)
  eden space 439808K, 0% used [0x00000000d5580000,0x00000000d5580000,0x00000000f0300000)
  from space 129536K, 11% used [0x00000000f0300000,0x00000000f121a7d0,0x00000000f8180000)
  to   space 125952K, 0% used [0x00000000f8500000,0x00000000f8500000,0x0000000100000000)
 ParOldGen       total 367616K, used 205893K [0x0000000080000000, 0x0000000096700000, 0x00000000d5580000)
  object space 367616K, 56% used [0x0000000080000000,0x000000008c911750,0x0000000096700000)
 Metaspace       used 167925K, capacity 175792K, committed 176000K, reserved 1202176K
  class space    used 21223K, capacity 22595K, committed 22656K, reserved 1048576K
}
Event: 4428.939 GC heap before
{Heap before GC invocations=54 (full 6):
 PSYoungGen      total 569344K, used 422580K [0x00000000d5580000, 0x0000000100000000, 0x0000000100000000)
  eden space 439808K, 92% used [0x00000000d5580000,0x00000000ee312b18,0x00000000f0300000)
  from space 129536K, 11% used [0x00000000f0300000,0x00000000f121a7d0,0x00000000f8180000)
  to   space 125952K, 0% used [0x00000000f8500000,0x00000000f8500000,0x0000000100000000)
 ParOldGen       total 367616K, used 205893K [0x0000000080000000, 0x0000000096700000, 0x00000000d5580000)
  object space 367616K, 56% used [0x0000000080000000,0x000000008c911750,0x0000000096700000)
 Metaspace       used 182639K, capacity 191638K, committed 191744K, reserved 1216512K
  class space    used 23256K, capacity 24797K, committed 24832K, reserved 1048576K
Event: 4429.218 GC heap after
Heap after GC invocations=54 (full 6):
 PSYoungGen      total 579584K, used 34251K [0x00000000d5580000, 0x0000000100000000, 0x0000000100000000)
  eden space 453632K, 0% used [0x00000000d5580000,0x00000000d5580000,0x00000000f1080000)
  from space 125952K, 27% used [0x00000000f8500000,0x00000000fa672d10,0x0000000100000000)
  to   space 119296K, 0% used [0x00000000f1080000,0x00000000f1080000,0x00000000f8500000)
 ParOldGen       total 367616K, used 211501K [0x0000000080000000, 0x0000000096700000, 0x00000000d5580000)
  object space 367616K, 57% used [0x0000000080000000,0x000000008ce8b418,0x0000000096700000)
 Metaspace       used 182639K, capacity 191638K, committed 191744K, reserved 1216512K
  class space    used 23256K, capacity 24797K, committed 24832K, reserved 1048576K
}
Event: 4429.218 GC heap before
{Heap before GC invocations=55 (full 7):
 PSYoungGen      total 579584K, used 34251K [0x00000000d5580000, 0x0000000100000000, 0x0000000100000000)
  eden space 453632K, 0% used [0x00000000d5580000,0x00000000d5580000,0x00000000f1080000)
  from space 125952K, 27% used [0x00000000f8500000,0x00000000fa672d10,0x0000000100000000)
  to   space 119296K, 0% used [0x00000000f1080000,0x00000000f1080000,0x00000000f8500000)
 ParOldGen       total 367616K, used 211501K [0x0000000080000000, 0x0000000096700000, 0x00000000d5580000)
  object space 367616K, 57% used [0x0000000080000000,0x000000008ce8b418,0x0000000096700000)
 Metaspace       used 182639K, capacity 191638K, committed 191744K, reserved 1216512K
  class space    used 23256K, capacity 24797K, committed 24832K, reserved 1048576K
Event: 4430.045 GC heap after
Heap after GC invocations=55 (full 7):
 PSYoungGen      total 579584K, used 0K [0x00000000d5580000, 0x0000000100000000, 0x0000000100000000)
  eden space 453632K, 0% used [0x00000000d5580000,0x00000000d5580000,0x00000000f1080000)
  from space 125952K, 0% used [0x00000000f8500000,0x00000000f8500000,0x0000000100000000)
  to   space 119296K, 0% used [0x00000000f1080000,0x00000000f1080000,0x00000000f8500000)
 ParOldGen       total 367616K, used 90011K [0x0000000080000000, 0x0000000096700000, 0x00000000d5580000)
  object space 367616K, 24% used [0x0000000080000000,0x00000000857e6fb0,0x0000000096700000)
 Metaspace       used 181381K, capacity 188654K, committed 191744K, reserved 1216512K
  class space    used 22967K, capacity 24239K, committed 24832K, reserved 1048576K
}

